asgiref==3.4.1
beautifulsoup4==4.9.1
certifi==2020.6.20
cffi==1.15.1
chardet==3.0.4
cryptography==40.0.2
Django==3.2.19
django-easy-audit==1.3.5
django-extensions==3.0.5
django-multiselectfield==0.1.12
django-sizefield==2.0.0
dnspython==2.1.0
idna==2.10
Jinja2==2.11.2
MarkupSafe==1.1.1
packaging==20.4
psycopg2-binary==2.8.5
pyasn1==0.4.8
pyasn1-modules==0.2.8
pycparser==2.21
pyOpenSSL==23.2.0
pyparsing==3.0.0a2
python-dateutil==2.8.1
python-ldap==3.3.1
pytz==2020.1
requests==2.24.0
six==1.15.0
soupsieve==2.0.1
sqlparse==0.3.1
typing_extensions==4.1.1
Unidecode==1.1.1
urllib3==1.25.10

